/Users/vinaykumar/Desktop/localGPT/SOURCE_DOCUMENTS/Orca_paper.pdf loaded.
/Users/vinaykumar/Desktop/localGPT/SOURCE_DOCUMENTS/input.pdf loaded.
/Users/vinaykumar/Desktop/localGPT/SOURCE_DOCUMENTS/Orca_paper.pdf loading error: 

**********************************************************************
  Resource [93mpunkt[0m not found.
  Please use the NLTK Downloader to obtain the resource:

  [31m>>> import nltk
  >>> nltk.download('punkt')
  [0m
  For more information see: https://www.nltk.org/data.html

  Attempted to load [93mtokenizers/punkt/PY3/english.pickle[0m

  Searched in:
    - '/Users/vinaykumar/nltk_data'
    - '/Library/Frameworks/Python.framework/Versions/3.11/nltk_data'
    - '/Library/Frameworks/Python.framework/Versions/3.11/share/nltk_data'
    - '/Library/Frameworks/Python.framework/Versions/3.11/lib/nltk_data'
    - '/usr/share/nltk_data'
    - '/usr/local/share/nltk_data'
    - '/usr/lib/nltk_data'
    - '/usr/local/lib/nltk_data'
    - ''
**********************************************************************

/Users/vinaykumar/Desktop/localGPT/SOURCE_DOCUMENTS/input.pdf loading error: 

**********************************************************************
  Resource [93mpunkt[0m not found.
  Please use the NLTK Downloader to obtain the resource:

  [31m>>> import nltk
  >>> nltk.download('punkt')
  [0m
  For more information see: https://www.nltk.org/data.html

  Attempted to load [93mtokenizers/punkt/PY3/english.pickle[0m

  Searched in:
    - '/Users/vinaykumar/nltk_data'
    - '/Library/Frameworks/Python.framework/Versions/3.11/nltk_data'
    - '/Library/Frameworks/Python.framework/Versions/3.11/share/nltk_data'
    - '/Library/Frameworks/Python.framework/Versions/3.11/lib/nltk_data'
    - '/usr/share/nltk_data'
    - '/usr/local/share/nltk_data'
    - '/usr/lib/nltk_data'
    - '/usr/local/lib/nltk_data'
    - ''
**********************************************************************

/Users/vinaykumar/Desktop/localGPT/SOURCE_DOCUMENTS/Orca_paper.pdf loaded.
/Users/vinaykumar/Desktop/localGPT/SOURCE_DOCUMENTS/input.pdf loaded.
/Users/vinaykumar/Desktop/localGPT/SOURCE_DOCUMENTS/Orca_paper.pdf loading error: 

**********************************************************************
  Resource [93mpunkt[0m not found.
  Please use the NLTK Downloader to obtain the resource:

  [31m>>> import nltk
  >>> nltk.download('punkt')
  [0m
  For more information see: https://www.nltk.org/data.html

  Attempted to load [93mtokenizers/punkt/PY3/english.pickle[0m

  Searched in:
    - '/Users/vinaykumar/nltk_data'
    - '/Library/Frameworks/Python.framework/Versions/3.11/nltk_data'
    - '/Library/Frameworks/Python.framework/Versions/3.11/share/nltk_data'
    - '/Library/Frameworks/Python.framework/Versions/3.11/lib/nltk_data'
    - '/usr/share/nltk_data'
    - '/usr/local/share/nltk_data'
    - '/usr/lib/nltk_data'
    - '/usr/local/lib/nltk_data'
    - ''
**********************************************************************

/Users/vinaykumar/Desktop/localGPT/SOURCE_DOCUMENTS/input.pdf loading error: 

**********************************************************************
  Resource [93mpunkt[0m not found.
  Please use the NLTK Downloader to obtain the resource:

  [31m>>> import nltk
  >>> nltk.download('punkt')
  [0m
  For more information see: https://www.nltk.org/data.html

  Attempted to load [93mtokenizers/punkt/PY3/english.pickle[0m

  Searched in:
    - '/Users/vinaykumar/nltk_data'
    - '/Library/Frameworks/Python.framework/Versions/3.11/nltk_data'
    - '/Library/Frameworks/Python.framework/Versions/3.11/share/nltk_data'
    - '/Library/Frameworks/Python.framework/Versions/3.11/lib/nltk_data'
    - '/usr/share/nltk_data'
    - '/usr/local/share/nltk_data'
    - '/usr/lib/nltk_data'
    - '/usr/local/lib/nltk_data'
    - ''
**********************************************************************

